android/app/build/intermediates/manifest_merge_blame_file/release/manifest-merger-blame-release-report.txt
1<?xml version="1.0" encoding="utf-8"?>
2<manifest xmlns:android="http://schemas.android.com/apk/res/android"
3    package="com.lowtechvent"
4    android:versionCode="4"
5    android:versionName="4.0" >
6
7    <uses-sdk
8        android:minSdkVersion="16"
8-->src/main/AndroidManifest.xml
9        android:targetSdkVersion="28" />
9-->src/main/AndroidManifest.xml
10
11    <uses-permission android:name="android.permission.INTERNET" />
11-->src/main/AndroidManifest.xml:4:5-67
11-->src/main/AndroidManifest.xml:4:22-64
12    <uses-permission android:name="android.permission.CAMERA" />
12-->src/main/AndroidManifest.xml:6:5-65
12-->src/main/AndroidManifest.xml:6:22-62
13    <uses-permission android:name="android.permission.VIBRATE" />
13-->src/main/AndroidManifest.xml:7:5-65
13-->src/main/AndroidManifest.xml:7:22-63
14    <uses-permission android:name="android.permission.RECORD_AUDIO" />
14-->src/main/AndroidManifest.xml:8:5-70
14-->src/main/AndroidManifest.xml:8:22-68
15    <uses-permission android:name="android.permission.READ_EXTERNAL_STORAGE" />
15-->src/main/AndroidManifest.xml:9:5-80
15-->src/main/AndroidManifest.xml:9:22-77
16    <uses-permission android:name="android.permission.WRITE_EXTERNAL_STORAGE" />
16-->src/main/AndroidManifest.xml:10:5-81
16-->src/main/AndroidManifest.xml:10:22-78
17
18    <uses-feature
18-->[:react-native-camera] AndroidManifest.xml:11:5-13:36
19        android:name="android.hardware.camera"
19-->[:react-native-camera] AndroidManifest.xml:12:9-47
20        android:required="false" />
20-->[:react-native-camera] AndroidManifest.xml:13:9-33
21    <uses-feature
21-->[:react-native-camera] AndroidManifest.xml:14:5-16:36
22        android:name="android.hardware.camera.autofocus"
22-->[:react-native-camera] AndroidManifest.xml:15:9-57
23        android:required="false" />
23-->[:react-native-camera] AndroidManifest.xml:16:9-33
24
25    <application
25-->src/main/AndroidManifest.xml:12:5-31:19
26        android:name="com.lowtechvent.MainApplication"
26-->src/main/AndroidManifest.xml:13:7-38
27        android:allowBackup="false"
27-->src/main/AndroidManifest.xml:17:7-34
28        android:appComponentFactory="androidx.core.app.CoreComponentFactory"
28-->[androidx.core:core:1.1.0] AndroidManifest.xml:24:18-86
29        android:icon="@mipmap/ic_launcher"
29-->src/main/AndroidManifest.xml:15:7-41
30        android:label="@string/app_name"
30-->src/main/AndroidManifest.xml:14:7-39
31        android:roundIcon="@mipmap/ic_launcher_round"
31-->src/main/AndroidManifest.xml:16:7-52
32        android:theme="@style/AppTheme" >
32-->src/main/AndroidManifest.xml:18:7-38
33        <activity
33-->src/main/AndroidManifest.xml:19:7-29:18
34            android:name="com.lowtechvent.MainActivity"
34-->src/main/AndroidManifest.xml:20:9-37
35            android:configChanges="keyboard|keyboardHidden|orientation|screenSize|uiMode"
35-->src/main/AndroidManifest.xml:22:9-86
36            android:label="@string/app_name"
36-->src/main/AndroidManifest.xml:21:9-41
37            android:launchMode="singleTask"
37-->src/main/AndroidManifest.xml:23:9-40
38            android:windowSoftInputMode="adjustResize" >
38-->src/main/AndroidManifest.xml:24:9-51
39            <intent-filter>
39-->src/main/AndroidManifest.xml:25:9-28:25
40                <action android:name="android.intent.action.MAIN" />
40-->src/main/AndroidManifest.xml:26:13-65
40-->src/main/AndroidManifest.xml:26:21-62
41
42                <category android:name="android.intent.category.LAUNCHER" />
42-->src/main/AndroidManifest.xml:27:13-73
42-->src/main/AndroidManifest.xml:27:23-70
43            </intent-filter>
44        </activity>
45        <activity android:name="com.facebook.react.devsupport.DevSettingsActivity" />
45-->src/main/AndroidManifest.xml:30:7-84
45-->src/main/AndroidManifest.xml:30:17-81
46        <activity
46-->[com.google.android.gms:play-services-base:16.0.1] AndroidManifest.xml:23:9-26:75
47            android:name="com.google.android.gms.common.api.GoogleApiActivity"
47-->[com.google.android.gms:play-services-base:16.0.1] AndroidManifest.xml:24:13-79
48            android:exported="false"
48-->[com.google.android.gms:play-services-base:16.0.1] AndroidManifest.xml:25:13-37
49            android:theme="@android:style/Theme.Translucent.NoTitleBar" />
49-->[com.google.android.gms:play-services-base:16.0.1] AndroidManifest.xml:26:13-72
50
51        <meta-data
51-->[com.google.android.gms:play-services-basement:16.1.0] AndroidManifest.xml:23:9-25:69
52            android:name="com.google.android.gms.version"
52-->[com.google.android.gms:play-services-basement:16.1.0] AndroidManifest.xml:24:13-58
53            android:value="@integer/google_play_services_version" />
53-->[com.google.android.gms:play-services-basement:16.1.0] AndroidManifest.xml:25:13-66
54    </application>
55
56</manifest>